<?xml version="1.0" encoding="UTF-8"?>
<!-- Generated by org.testng.reporters.JUnitReportReporter -->
<testsuite ignored="0" hostname="SAIF22" failures="0" tests="1" name="test.HomePaageTest" time="0.077" errors="0" timestamp="05 Nov 2022 20:10:14 GMT" skipped="0">
  <testcase classname="test.HomePaageTest" name="homepagetest" time="0.077"/>
</testsuite> <!-- test.HomePaageTest -->
