<?xml version="1.0" encoding="UTF-8"?>
<!-- Generated by org.testng.reporters.JUnitReportReporter -->
<testsuite ignored="0" hostname="SAIF22" failures="0" tests="1" name="test.CreateNewAccountPageTest" time="2.503" errors="0" timestamp="05 Nov 2022 20:39:32 GMT" skipped="0">
  <testcase classname="test.CreateNewAccountPageTest" name="createnewaccountpagetest" time="2.503"/>
</testsuite> <!-- test.CreateNewAccountPageTest -->
